[debug] [2023-09-02T06:58:37.256Z] ----------------------------------------------------------------------
[debug] [2023-09-02T06:58:37.294Z] Command:       C:\Program Files\nodejs\node.exe C:\Users\27679\AppData\Roaming\npm\node_modules\firebase-tools\lib\bin\firebase.js emulators:start
[debug] [2023-09-02T06:58:37.296Z] CLI Version:   12.5.2
[debug] [2023-09-02T06:58:37.300Z] Platform:      win32
[debug] [2023-09-02T06:58:37.301Z] Node Version:  v18.17.0
[debug] [2023-09-02T06:58:37.532Z] Time:          Sat Sep 02 2023 08:58:37 GMT+0200 (South Africa Standard Time)
[debug] [2023-09-02T06:58:37.533Z] ----------------------------------------------------------------------
[debug] 
[debug] [2023-09-02T06:58:38.906Z] > command requires scopes: ["email","openid","https://www.googleapis.com/auth/cloudplatformprojects.readonly","https://www.googleapis.com/auth/firebase","https://www.googleapis.com/auth/cloud-platform"]
[debug] [2023-09-02T06:58:38.910Z] > authorizing via signed-in user (smbatha457@gmail.com)
[info] i  emulators: Starting emulators: functions {"metadata":{"emulator":{"name":"hub"},"message":"Starting emulators: functions"}}
[debug] [2023-09-02T06:58:39.028Z] [logging] Logging Emulator only supports listening on one address (127.0.0.1). Not listening on ::1
[debug] [2023-09-02T06:58:39.029Z] assigned listening specs for emulators {"user":{"hub":[{"address":"127.0.0.1","family":"IPv4","port":4400},{"address":"::1","family":"IPv6","port":4400}],"ui":[{"address":"127.0.0.1","family":"IPv4","port":4000},{"address":"::1","family":"IPv6","port":4000}],"logging":[{"address":"127.0.0.1","family":"IPv4","port":4500}]},"metadata":{"message":"assigned listening specs for emulators"}}
[debug] [2023-09-02T06:58:39.250Z] [hub] writing locator at C:\Users\27679\AppData\Local\Temp\hub-clone-5cc29.json
[debug] [2023-09-02T06:58:39.423Z] [functions] Functions Emulator only supports listening on one address (127.0.0.1). Not listening on ::1
[debug] [2023-09-02T06:58:39.425Z] [eventarc] Eventarc Emulator only supports listening on one address (127.0.0.1). Not listening on ::1
[debug] [2023-09-02T06:58:39.425Z] late-assigned ports for functions and eventarc emulators {"user":{"hub":[{"address":"127.0.0.1","family":"IPv4","port":4400},{"address":"::1","family":"IPv6","port":4400}],"ui":[{"address":"127.0.0.1","family":"IPv4","port":4000},{"address":"::1","family":"IPv6","port":4000}],"logging":[{"address":"127.0.0.1","family":"IPv4","port":4500}],"functions":[{"address":"127.0.0.1","family":"IPv4","port":5001}],"eventarc":[{"address":"127.0.0.1","family":"IPv4","port":9299}]},"metadata":{"message":"late-assigned ports for functions and eventarc emulators"}}
[warn] !  functions: The following emulators are not running, calls to these services from the Functions emulator will affect production: auth, firestore, database, hosting, pubsub, storage {"metadata":{"emulator":{"name":"functions"},"message":"The following emulators are not running, calls to these services from the Functions emulator will affect production: \u001b[1mauth, firestore, database, hosting, pubsub, storage\u001b[22m"}}
[debug] [2023-09-02T06:58:39.472Z] defaultcredentials: writing to file C:\Users\27679\AppData\Roaming\firebase\smbatha457_gmail_com_application_default_credentials.json
[debug] [2023-09-02T06:58:39.691Z] Setting GAC to C:\Users\27679\AppData\Roaming\firebase\smbatha457_gmail_com_application_default_credentials.json {"metadata":{"emulator":{"name":"functions"},"message":"Setting GAC to C:\\Users\\27679\\AppData\\Roaming\\firebase\\smbatha457_gmail_com_application_default_credentials.json"}}
[debug] [2023-09-02T06:58:39.698Z] > refreshing access token with scopes: []
[debug] [2023-09-02T06:58:39.709Z] >>> [apiv2][query] POST https://www.googleapis.com/oauth2/v3/token [none]
[debug] [2023-09-02T06:58:39.710Z] >>> [apiv2][body] POST https://www.googleapis.com/oauth2/v3/token [omitted]
[debug] [2023-09-02T06:58:40.603Z] <<< [apiv2][status] POST https://www.googleapis.com/oauth2/v3/token 200
[debug] [2023-09-02T06:58:40.605Z] <<< [apiv2][body] POST https://www.googleapis.com/oauth2/v3/token [omitted]
[debug] [2023-09-02T06:58:40.844Z] >>> [apiv2][query] GET https://firebase.googleapis.com/v1beta1/projects/clone-5cc29/adminSdkConfig [none]
[debug] [2023-09-02T06:58:41.762Z] <<< [apiv2][status] GET https://firebase.googleapis.com/v1beta1/projects/clone-5cc29/adminSdkConfig 200
[debug] [2023-09-02T06:58:41.763Z] <<< [apiv2][body] GET https://firebase.googleapis.com/v1beta1/projects/clone-5cc29/adminSdkConfig {"projectId":"clone-5cc29","storageBucket":"clone-5cc29.appspot.com"}
[info] i  ui: downloading ui-v1.11.7.zip... {"metadata":{"emulator":{"name":"ui"},"message":"downloading ui-v1.11.7.zip..."}}
[debug] [2023-09-02T06:58:42.982Z] >>> [apiv2][query] GET https://storage.googleapis.com/firebase-preview-drop/emulator/ui-v1.11.7.zip 
[debug] [2023-09-02T06:58:43.798Z] <<< [apiv2][status] GET https://storage.googleapis.com/firebase-preview-drop/emulator/ui-v1.11.7.zip 200
[debug] [2023-09-02T06:58:43.800Z] <<< [apiv2][body] GET https://storage.googleapis.com/firebase-preview-drop/emulator/ui-v1.11.7.zip [stream]
[debug] [2023-09-02T06:58:48.792Z] Data is 3064105
[debug] [2023-09-02T06:58:48.796Z] [unzip] Entry: client/ (compressed_size=0 bytes, uncompressed_size=0 bytes)
[debug] [2023-09-02T06:58:48.797Z] [unzip] Processing entry: client\
[debug] [2023-09-02T06:58:48.798Z] [unzip] mkdir: C:\Users\27679\.cache\firebase\emulators\ui-v1.11.7\client\
[debug] [2023-09-02T06:58:48.802Z] [unzip] Entry: client/favicon.ico (compressed_size=2497 bytes, uncompressed_size=7406 bytes)
[debug] [2023-09-02T06:58:48.803Z] [unzip] Processing entry: client\favicon.ico
[debug] [2023-09-02T06:58:48.803Z] [unzip] else mkdir: C:\Users\27679\.cache\firebase\emulators\ui-v1.11.7\client
[debug] [2023-09-02T06:58:48.805Z] [unzip] deflating: C:\Users\27679\.cache\firebase\emulators\ui-v1.11.7\client\favicon.ico
[debug] [2023-09-02T06:58:48.834Z] [unzip] Entry: client/apple-touch-icon.png (compressed_size=7231 bytes, uncompressed_size=7367 bytes)
[debug] [2023-09-02T06:58:48.834Z] [unzip] Processing entry: client\apple-touch-icon.png
[debug] [2023-09-02T06:58:48.835Z] [unzip] else mkdir: C:\Users\27679\.cache\firebase\emulators\ui-v1.11.7\client
[debug] [2023-09-02T06:58:48.836Z] [unzip] deflating: C:\Users\27679\.cache\firebase\emulators\ui-v1.11.7\client\apple-touch-icon.png
[debug] [2023-09-02T06:58:48.931Z] [unzip] Entry: client/android-chrome-512x512.png (compressed_size=16987 bytes, uncompressed_size=18186 bytes)
[debug] [2023-09-02T06:58:48.931Z] [unzip] Processing entry: client\android-chrome-512x512.png
[debug] [2023-09-02T06:58:48.931Z] [unzip] else mkdir: C:\Users\27679\.cache\firebase\emulators\ui-v1.11.7\client
[debug] [2023-09-02T06:58:48.934Z] [unzip] deflating: C:\Users\27679\.cache\firebase\emulators\ui-v1.11.7\client\android-chrome-512x512.png
[debug] [2023-09-02T06:58:48.940Z] [unzip] Entry: client/assets/ (compressed_size=0 bytes, uncompressed_size=0 bytes)
[debug] [2023-09-02T06:58:48.940Z] [unzip] Processing entry: client\assets\
[debug] [2023-09-02T06:58:48.940Z] [unzip] mkdir: C:\Users\27679\.cache\firebase\emulators\ui-v1.11.7\client\assets\
[debug] [2023-09-02T06:58:49.000Z] [unzip] Entry: client/assets/extensions/ (compressed_size=0 bytes, uncompressed_size=0 bytes)
[debug] [2023-09-02T06:58:49.000Z] [unzip] Processing entry: client\assets\extensions\
[debug] [2023-09-02T06:58:49.000Z] [unzip] mkdir: C:\Users\27679\.cache\firebase\emulators\ui-v1.11.7\client\assets\extensions\
[debug] [2023-09-02T06:58:49.001Z] [unzip] Entry: client/assets/extensions/default-extension.png (compressed_size=1646 bytes, uncompressed_size=1657 bytes)
[debug] [2023-09-02T06:58:49.001Z] [unzip] Processing entry: client\assets\extensions\default-extension.png
[debug] [2023-09-02T06:58:49.001Z] [unzip] else mkdir: C:\Users\27679\.cache\firebase\emulators\ui-v1.11.7\client\assets\extensions
[debug] [2023-09-02T06:58:49.002Z] [unzip] deflating: C:\Users\27679\.cache\firebase\emulators\ui-v1.11.7\client\assets\extensions\default-extension.png
[debug] [2023-09-02T06:58:49.137Z] [unzip] Entry: client/assets/index.58ca09f7.css (compressed_size=37601 bytes, uncompressed_size=321252 bytes)
[debug] [2023-09-02T06:58:49.137Z] [unzip] Processing entry: client\assets\index.58ca09f7.css
[debug] [2023-09-02T06:58:49.137Z] [unzip] else mkdir: C:\Users\27679\.cache\firebase\emulators\ui-v1.11.7\client\assets
[debug] [2023-09-02T06:58:49.138Z] [unzip] deflating: C:\Users\27679\.cache\firebase\emulators\ui-v1.11.7\client\assets\index.58ca09f7.css
[debug] [2023-09-02T06:58:49.144Z] [unzip] Entry: client/assets/index.c2583d42.js (compressed_size=526232 bytes, uncompressed_size=1860152 bytes)
[debug] [2023-09-02T06:58:49.144Z] [unzip] Processing entry: client\assets\index.c2583d42.js
[debug] [2023-09-02T06:58:49.144Z] [unzip] else mkdir: C:\Users\27679\.cache\firebase\emulators\ui-v1.11.7\client\assets
[debug] [2023-09-02T06:58:49.145Z] [unzip] deflating: C:\Users\27679\.cache\firebase\emulators\ui-v1.11.7\client\assets\index.c2583d42.js
[debug] [2023-09-02T06:58:49.233Z] [unzip] Entry: client/assets/provider-icons/ (compressed_size=0 bytes, uncompressed_size=0 bytes)
[debug] [2023-09-02T06:58:49.234Z] [unzip] Processing entry: client\assets\provider-icons\
[debug] [2023-09-02T06:58:49.234Z] [unzip] mkdir: C:\Users\27679\.cache\firebase\emulators\ui-v1.11.7\client\assets\provider-icons\
[debug] [2023-09-02T06:58:49.236Z] [unzip] Entry: client/assets/provider-icons/auth_service_oidc.svg (compressed_size=414 bytes, uncompressed_size=858 bytes)
[debug] [2023-09-02T06:58:49.236Z] [unzip] Processing entry: client\assets\provider-icons\auth_service_oidc.svg
[debug] [2023-09-02T06:58:49.236Z] [unzip] else mkdir: C:\Users\27679\.cache\firebase\emulators\ui-v1.11.7\client\assets\provider-icons
[debug] [2023-09-02T06:58:49.237Z] [unzip] deflating: C:\Users\27679\.cache\firebase\emulators\ui-v1.11.7\client\assets\provider-icons\auth_service_oidc.svg
[debug] [2023-09-02T06:58:49.261Z] [unzip] Entry: client/assets/provider-icons/auth_service_yahoo.svg (compressed_size=577 bytes, uncompressed_size=1182 bytes)
[debug] [2023-09-02T06:58:49.262Z] [unzip] Processing entry: client\assets\provider-icons\auth_service_yahoo.svg
[debug] [2023-09-02T06:58:49.262Z] [unzip] else mkdir: C:\Users\27679\.cache\firebase\emulators\ui-v1.11.7\client\assets\provider-icons
[debug] [2023-09-02T06:58:49.263Z] [unzip] deflating: C:\Users\27679\.cache\firebase\emulators\ui-v1.11.7\client\assets\provider-icons\auth_service_yahoo.svg
[debug] [2023-09-02T06:58:49.266Z] [unzip] Entry: client/assets/provider-icons/auth_service_phone.svg (compressed_size=261 bytes, uncompressed_size=414 bytes)
[debug] [2023-09-02T06:58:49.266Z] [unzip] Processing entry: client\assets\provider-icons\auth_service_phone.svg
[debug] [2023-09-02T06:58:49.267Z] [unzip] else mkdir: C:\Users\27679\.cache\firebase\emulators\ui-v1.11.7\client\assets\provider-icons
[debug] [2023-09-02T06:58:49.268Z] [unzip] deflating: C:\Users\27679\.cache\firebase\emulators\ui-v1.11.7\client\assets\provider-icons\auth_service_phone.svg
[debug] [2023-09-02T06:58:49.274Z] [unzip] Entry: client/assets/provider-icons/auth_service_saml.svg (compressed_size=575 bytes, uncompressed_size=1226 bytes)
[debug] [2023-09-02T06:58:49.275Z] [unzip] Processing entry: client\assets\provider-icons\auth_service_saml.svg
[debug] [2023-09-02T06:58:49.275Z] [unzip] else mkdir: C:\Users\27679\.cache\firebase\emulators\ui-v1.11.7\client\assets\provider-icons
[debug] [2023-09-02T06:58:49.276Z] [unzip] deflating: C:\Users\27679\.cache\firebase\emulators\ui-v1.11.7\client\assets\provider-icons\auth_service_saml.svg
[debug] [2023-09-02T06:58:49.279Z] [unzip] Entry: client/assets/provider-icons/auth_service_mslive.svg (compressed_size=203 bytes, uncompressed_size=378 bytes)
[debug] [2023-09-02T06:58:49.279Z] [unzip] Processing entry: client\assets\provider-icons\auth_service_mslive.svg
[debug] [2023-09-02T06:58:49.280Z] [unzip] else mkdir: C:\Users\27679\.cache\firebase\emulators\ui-v1.11.7\client\assets\provider-icons
[debug] [2023-09-02T06:58:49.280Z] [unzip] deflating: C:\Users\27679\.cache\firebase\emulators\ui-v1.11.7\client\assets\provider-icons\auth_service_mslive.svg
[debug] [2023-09-02T06:58:49.327Z] [unzip] Entry: client/assets/provider-icons/auth_service_facebook.svg (compressed_size=289 bytes, uncompressed_size=457 bytes)
[debug] [2023-09-02T06:58:49.328Z] [unzip] Processing entry: client\assets\provider-icons\auth_service_facebook.svg
[debug] [2023-09-02T06:58:49.328Z] [unzip] else mkdir: C:\Users\27679\.cache\firebase\emulators\ui-v1.11.7\client\assets\provider-icons
[debug] [2023-09-02T06:58:49.330Z] [unzip] deflating: C:\Users\27679\.cache\firebase\emulators\ui-v1.11.7\client\assets\provider-icons\auth_service_facebook.svg
[debug] [2023-09-02T06:58:49.337Z] [unzip] Entry: client/assets/provider-icons/auth_service_play_games.svg (compressed_size=565 bytes, uncompressed_size=1173 bytes)
[debug] [2023-09-02T06:58:49.338Z] [unzip] Processing entry: client\assets\provider-icons\auth_service_play_games.svg
[debug] [2023-09-02T06:58:49.338Z] [unzip] else mkdir: C:\Users\27679\.cache\firebase\emulators\ui-v1.11.7\client\assets\provider-icons
[debug] [2023-09-02T06:58:49.340Z] [unzip] deflating: C:\Users\27679\.cache\firebase\emulators\ui-v1.11.7\client\assets\provider-icons\auth_service_play_games.svg
[debug] [2023-09-02T06:58:49.348Z] [unzip] Entry: client/assets/provider-icons/auth_service_github.svg (compressed_size=466 bytes, uncompressed_size=838 bytes)
[debug] [2023-09-02T06:58:49.349Z] [unzip] Processing entry: client\assets\provider-icons\auth_service_github.svg
[debug] [2023-09-02T06:58:49.349Z] [unzip] else mkdir: C:\Users\27679\.cache\firebase\emulators\ui-v1.11.7\client\assets\provider-icons
[debug] [2023-09-02T06:58:49.351Z] [unzip] deflating: C:\Users\27679\.cache\firebase\emulators\ui-v1.11.7\client\assets\provider-icons\auth_service_github.svg
[debug] [2023-09-02T06:58:49.357Z] [unzip] Entry: client/assets/provider-icons/auth_service_apple.svg (compressed_size=230 bytes, uncompressed_size=334 bytes)
[debug] [2023-09-02T06:58:49.359Z] [unzip] Processing entry: client\assets\provider-icons\auth_service_apple.svg
[debug] [2023-09-02T06:58:49.359Z] [unzip] else mkdir: C:\Users\27679\.cache\firebase\emulators\ui-v1.11.7\client\assets\provider-icons
[debug] [2023-09-02T06:58:49.361Z] [unzip] deflating: C:\Users\27679\.cache\firebase\emulators\ui-v1.11.7\client\assets\provider-icons\auth_service_apple.svg
[debug] [2023-09-02T06:58:49.394Z] [unzip] Entry: client/assets/provider-icons/auth_service_google.svg (compressed_size=409 bytes, uncompressed_size=720 bytes)
[debug] [2023-09-02T06:58:49.394Z] [unzip] Processing entry: client\assets\provider-icons\auth_service_google.svg
[debug] [2023-09-02T06:58:49.395Z] [unzip] else mkdir: C:\Users\27679\.cache\firebase\emulators\ui-v1.11.7\client\assets\provider-icons
[debug] [2023-09-02T06:58:49.397Z] [unzip] deflating: C:\Users\27679\.cache\firebase\emulators\ui-v1.11.7\client\assets\provider-icons\auth_service_google.svg
[debug] [2023-09-02T06:58:49.402Z] [unzip] Entry: client/assets/provider-icons/auth_service_email.svg (compressed_size=228 bytes, uncompressed_size=326 bytes)
[debug] [2023-09-02T06:58:49.403Z] [unzip] Processing entry: client\assets\provider-icons\auth_service_email.svg
[debug] [2023-09-02T06:58:49.403Z] [unzip] else mkdir: C:\Users\27679\.cache\firebase\emulators\ui-v1.11.7\client\assets\provider-icons
[debug] [2023-09-02T06:58:49.405Z] [unzip] deflating: C:\Users\27679\.cache\firebase\emulators\ui-v1.11.7\client\assets\provider-icons\auth_service_email.svg
[debug] [2023-09-02T06:58:49.410Z] [unzip] Entry: client/assets/provider-icons/auth_service_twitter.svg (compressed_size=444 bytes, uncompressed_size=751 bytes)
[debug] [2023-09-02T06:58:49.411Z] [unzip] Processing entry: client\assets\provider-icons\auth_service_twitter.svg
[debug] [2023-09-02T06:58:49.411Z] [unzip] else mkdir: C:\Users\27679\.cache\firebase\emulators\ui-v1.11.7\client\assets\provider-icons
[debug] [2023-09-02T06:58:49.413Z] [unzip] deflating: C:\Users\27679\.cache\firebase\emulators\ui-v1.11.7\client\assets\provider-icons\auth_service_twitter.svg
[debug] [2023-09-02T06:58:49.419Z] [unzip] Entry: client/assets/provider-icons/auth_service_game_center.svg (compressed_size=991 bytes, uncompressed_size=3921 bytes)
[debug] [2023-09-02T06:58:49.421Z] [unzip] Processing entry: client\assets\provider-icons\auth_service_game_center.svg
[debug] [2023-09-02T06:58:49.422Z] [unzip] else mkdir: C:\Users\27679\.cache\firebase\emulators\ui-v1.11.7\client\assets\provider-icons
[debug] [2023-09-02T06:58:49.424Z] [unzip] deflating: C:\Users\27679\.cache\firebase\emulators\ui-v1.11.7\client\assets\provider-icons\auth_service_game_center.svg
[debug] [2023-09-02T06:58:49.946Z] [unzip] Entry: client/assets/index.c2583d42.js.map (compressed_size=1778557 bytes, uncompressed_size=7961927 bytes)
[debug] [2023-09-02T06:58:49.947Z] [unzip] Processing entry: client\assets\index.c2583d42.js.map
[debug] [2023-09-02T06:58:49.947Z] [unzip] else mkdir: C:\Users\27679\.cache\firebase\emulators\ui-v1.11.7\client\assets
[debug] [2023-09-02T06:58:49.947Z] [unzip] deflating: C:\Users\27679\.cache\firebase\emulators\ui-v1.11.7\client\assets\index.c2583d42.js.map
[debug] [2023-09-02T06:58:50.924Z] [unzip] Entry: client/assets/img/ (compressed_size=0 bytes, uncompressed_size=0 bytes)
[debug] [2023-09-02T06:58:50.925Z] [unzip] Processing entry: client\assets\img\
[debug] [2023-09-02T06:58:50.925Z] [unzip] mkdir: C:\Users\27679\.cache\firebase\emulators\ui-v1.11.7\client\assets\img\
[debug] [2023-09-02T06:58:50.926Z] [unzip] Entry: client/assets/img/database.png (compressed_size=29449 bytes, uncompressed_size=29988 bytes)
[debug] [2023-09-02T06:58:50.926Z] [unzip] Processing entry: client\assets\img\database.png
[debug] [2023-09-02T06:58:50.927Z] [unzip] else mkdir: C:\Users\27679\.cache\firebase\emulators\ui-v1.11.7\client\assets\img
[debug] [2023-09-02T06:58:50.927Z] [unzip] deflating: C:\Users\27679\.cache\firebase\emulators\ui-v1.11.7\client\assets\img\database.png
[debug] [2023-09-02T06:58:50.930Z] [unzip] Entry: client/safari-pinned-tab.svg (compressed_size=838 bytes, uncompressed_size=1504 bytes)
[debug] [2023-09-02T06:58:50.930Z] [unzip] Processing entry: client\safari-pinned-tab.svg
[debug] [2023-09-02T06:58:50.930Z] [unzip] else mkdir: C:\Users\27679\.cache\firebase\emulators\ui-v1.11.7\client
[debug] [2023-09-02T06:58:50.931Z] [unzip] deflating: C:\Users\27679\.cache\firebase\emulators\ui-v1.11.7\client\safari-pinned-tab.svg
[debug] [2023-09-02T06:58:50.933Z] [unzip] Entry: client/mstile-150x150.png (compressed_size=5406 bytes, uncompressed_size=5723 bytes)
[debug] [2023-09-02T06:58:50.933Z] [unzip] Processing entry: client\mstile-150x150.png
[debug] [2023-09-02T06:58:50.934Z] [unzip] else mkdir: C:\Users\27679\.cache\firebase\emulators\ui-v1.11.7\client
[debug] [2023-09-02T06:58:50.934Z] [unzip] deflating: C:\Users\27679\.cache\firebase\emulators\ui-v1.11.7\client\mstile-150x150.png
[debug] [2023-09-02T06:58:50.957Z] [unzip] Entry: client/browserconfig.xml (compressed_size=491 bytes, uncompressed_size=822 bytes)
[debug] [2023-09-02T06:58:50.957Z] [unzip] Processing entry: client\browserconfig.xml
[debug] [2023-09-02T06:58:50.957Z] [unzip] else mkdir: C:\Users\27679\.cache\firebase\emulators\ui-v1.11.7\client
[debug] [2023-09-02T06:58:50.958Z] [unzip] deflating: C:\Users\27679\.cache\firebase\emulators\ui-v1.11.7\client\browserconfig.xml
[debug] [2023-09-02T06:58:50.965Z] [unzip] Entry: client/robots.txt (compressed_size=26 bytes, uncompressed_size=26 bytes)
[debug] [2023-09-02T06:58:50.965Z] [unzip] Processing entry: client\robots.txt
[debug] [2023-09-02T06:58:50.965Z] [unzip] else mkdir: C:\Users\27679\.cache\firebase\emulators\ui-v1.11.7\client
[debug] [2023-09-02T06:58:50.966Z] [unzip] Writing file: C:\Users\27679\.cache\firebase\emulators\ui-v1.11.7\client\robots.txt
[debug] [2023-09-02T06:58:51.152Z] [unzip] Entry: client/index.html (compressed_size=1363 bytes, uncompressed_size=3064 bytes)
[debug] [2023-09-02T06:58:51.153Z] [unzip] Processing entry: client\index.html
[debug] [2023-09-02T06:58:51.154Z] [unzip] else mkdir: C:\Users\27679\.cache\firebase\emulators\ui-v1.11.7\client
[debug] [2023-09-02T06:58:51.156Z] [unzip] deflating: C:\Users\27679\.cache\firebase\emulators\ui-v1.11.7\client\index.html
[debug] [2023-09-02T06:58:51.167Z] [unzip] Entry: client/favicon-16x16.png (compressed_size=757 bytes, uncompressed_size=777 bytes)
[debug] [2023-09-02T06:58:51.168Z] [unzip] Processing entry: client\favicon-16x16.png
[debug] [2023-09-02T06:58:51.168Z] [unzip] else mkdir: C:\Users\27679\.cache\firebase\emulators\ui-v1.11.7\client
[debug] [2023-09-02T06:58:51.170Z] [unzip] deflating: C:\Users\27679\.cache\firebase\emulators\ui-v1.11.7\client\favicon-16x16.png
[debug] [2023-09-02T06:58:51.175Z] [unzip] Entry: client/manifest.json (compressed_size=246 bytes, uncompressed_size=551 bytes)
[debug] [2023-09-02T06:58:51.175Z] [unzip] Processing entry: client\manifest.json
[debug] [2023-09-02T06:58:51.176Z] [unzip] else mkdir: C:\Users\27679\.cache\firebase\emulators\ui-v1.11.7\client
[debug] [2023-09-02T06:58:51.177Z] [unzip] deflating: C:\Users\27679\.cache\firebase\emulators\ui-v1.11.7\client\manifest.json
[debug] [2023-09-02T06:58:51.204Z] [unzip] Entry: client/favicon-32x32.png (compressed_size=1175 bytes, uncompressed_size=1175 bytes)
[debug] [2023-09-02T06:58:51.205Z] [unzip] Processing entry: client\favicon-32x32.png
[debug] [2023-09-02T06:58:51.205Z] [unzip] else mkdir: C:\Users\27679\.cache\firebase\emulators\ui-v1.11.7\client
[debug] [2023-09-02T06:58:51.207Z] [unzip] Writing file: C:\Users\27679\.cache\firebase\emulators\ui-v1.11.7\client\favicon-32x32.png
[debug] [2023-09-02T06:58:51.211Z] [unzip] Entry: client/android-chrome-192x192.png (compressed_size=7602 bytes, uncompressed_size=7834 bytes)
[debug] [2023-09-02T06:58:51.211Z] [unzip] Processing entry: client\android-chrome-192x192.png
[debug] [2023-09-02T06:58:51.212Z] [unzip] else mkdir: C:\Users\27679\.cache\firebase\emulators\ui-v1.11.7\client
[debug] [2023-09-02T06:58:51.213Z] [unzip] deflating: C:\Users\27679\.cache\firebase\emulators\ui-v1.11.7\client\android-chrome-192x192.png
[debug] [2023-09-02T06:58:51.221Z] [unzip] Entry: server/ (compressed_size=0 bytes, uncompressed_size=0 bytes)
[debug] [2023-09-02T06:58:51.222Z] [unzip] Processing entry: server\
[debug] [2023-09-02T06:58:51.222Z] [unzip] mkdir: C:\Users\27679\.cache\firebase\emulators\ui-v1.11.7\server\
[debug] [2023-09-02T06:58:51.225Z] [unzip] Entry: server/server.js (compressed_size=343746 bytes, uncompressed_size=1346374 bytes)
[debug] [2023-09-02T06:58:51.225Z] [unzip] Processing entry: server\server.js
[debug] [2023-09-02T06:58:51.226Z] [unzip] else mkdir: C:\Users\27679\.cache\firebase\emulators\ui-v1.11.7\server
[debug] [2023-09-02T06:58:51.227Z] [unzip] deflating: C:\Users\27679\.cache\firebase\emulators\ui-v1.11.7\server\server.js
[debug] [2023-09-02T06:58:51.314Z] [unzip] Entry: server/server.js.map (compressed_size=289157 bytes, uncompressed_size=1325651 bytes)
[debug] [2023-09-02T06:58:51.315Z] [unzip] Processing entry: server\server.js.map
[debug] [2023-09-02T06:58:51.315Z] [unzip] else mkdir: C:\Users\27679\.cache\firebase\emulators\ui-v1.11.7\server
[debug] [2023-09-02T06:58:51.366Z] [unzip] deflating: C:\Users\27679\.cache\firebase\emulators\ui-v1.11.7\server\server.js.map
[debug] [2023-09-02T06:58:51.510Z] Ignoring unsupported arg: auto_download {"metadata":{"emulator":{"name":"ui"},"message":"Ignoring unsupported arg: auto_download"}}
[debug] [2023-09-02T06:58:51.512Z] Ignoring unsupported arg: port {"metadata":{"emulator":{"name":"ui"},"message":"Ignoring unsupported arg: port"}}
[debug] [2023-09-02T06:58:51.512Z] Starting Emulator UI with command {"binary":"node","args":["C:\\Users\\27679\\.cache\\firebase\\emulators\\ui-v1.11.7\\server\\server.js"],"optionalArgs":[],"joinArgs":false} {"metadata":{"emulator":{"name":"ui"},"message":"Starting Emulator UI with command {\"binary\":\"node\",\"args\":[\"C:\\\\Users\\\\27679\\\\.cache\\\\firebase\\\\emulators\\\\ui-v1.11.7\\\\server\\\\server.js\"],\"optionalArgs\":[],\"joinArgs\":false}"}}
[info] i  ui: Emulator UI logging to ui-debug.log {"metadata":{"emulator":{"name":"ui"},"message":"Emulator UI logging to \u001b[1mui-debug.log\u001b[22m"}}
[debug] [2023-09-02T06:58:56.406Z] Web / API server started at 127.0.0.1:4000
 {"metadata":{"emulator":{"name":"ui"},"message":"Web / API server started at 127.0.0.1:4000\n"}}
[debug] [2023-09-02T06:58:56.408Z] Web / API server started at ::1:4000
 {"metadata":{"emulator":{"name":"ui"},"message":"Web / API server started at ::1:4000\n"}}
[info] i  functions: Watching "C:\Users\27679\Desktop\amazon-clone\functions" for Cloud Functions... {"metadata":{"emulator":{"name":"functions"},"message":"Watching \"C:\\Users\\27679\\Desktop\\amazon-clone\\functions\" for Cloud Functions..."}}
[debug] [2023-09-02T06:58:56.629Z] Validating nodejs source
[debug] [2023-09-02T06:59:07.680Z] checkFunctionsSDKVersion was unable to fetch information from NPM Error: spawnSync C:\WINDOWS\system32\cmd.exe ETIMEDOUT
    at Object.spawnSync (node:internal/child_process:1110:20)
    at Object.spawnSync (node:child_process:871:24)
    at Function.spawnSync [as sync] (C:\Users\27679\AppData\Roaming\npm\node_modules\firebase-tools\node_modules\cross-spawn\index.js:26:23)
    at Object.getLatestSDKVersion (C:\Users\27679\AppData\Roaming\npm\node_modules\firebase-tools\lib\deploy\functions\runtimes\node\versioning.js:54:25)
    at Object.checkFunctionsSDKVersion (C:\Users\27679\AppData\Roaming\npm\node_modules\firebase-tools\lib\deploy\functions\runtimes\node\versioning.js:74:32)
    at Delegate.validate (C:\Users\27679\AppData\Roaming\npm\node_modules\firebase-tools\lib\deploy\functions\runtimes\node\index.js:84:20)
    at FunctionsEmulator.discoverTriggers (C:\Users\27679\AppData\Roaming\npm\node_modules\firebase-tools\lib\emulator\functionsEmulator.js:296:35)
    at async FunctionsEmulator.loadTriggers (C:\Users\27679\AppData\Roaming\npm\node_modules\firebase-tools\lib\emulator\functionsEmulator.js:325:34)
    at async FunctionsEmulator.connect (C:\Users\27679\AppData\Roaming\npm\node_modules\firebase-tools\lib\emulator\functionsEmulator.js:262:13)
    at async Object.startAll (C:\Users\27679\AppData\Roaming\npm\node_modules\firebase-tools\lib\emulator\controller.js:562:13)
[debug] [2023-09-02T06:59:07.686Z] > [functions] package.json contents: {
  "name": "functions",
  "description": "Cloud Functions for Firebase",
  "scripts": {
    "lint": "eslint .",
    "serve": "firebase emulators:start --only functions",
    "shell": "firebase functions:shell",
    "start": "npm run shell",
    "deploy": "firebase deploy --only functions",
    "logs": "firebase functions:log"
  },
  "engines": {
    "node": "18"
  },
  "main": "index.js",
  "dependencies": {
    "cors": "^2.8.5",
    "express": "^4.18.2",
    "firebase-admin": "^11.8.0",
    "firebase-functions": "^4.3.1",
    "stripe": "^13.4.0"
  },
  "devDependencies": {
    "eslint": "^8.15.0",
    "eslint-config-google": "^0.14.0",
    "firebase-functions-test": "^3.1.0"
  },
  "private": true
}
[debug] [2023-09-02T06:59:07.793Z] Building nodejs source
[debug] [2023-09-02T06:59:07.797Z] Failed to find version of module node: reached end of search path C:\Users\27679\Desktop\amazon-clone\functions\node_modules
[info] +  functions: Using node@18 from host. 
[debug] [2023-09-02T06:59:07.815Z] Could not find functions.yaml. Must use http discovery
[debug] [2023-09-02T06:59:08.072Z] Found firebase-functions binary at 'C:\Users\27679\Desktop\amazon-clone\functions\node_modules\.bin\firebase-functions'
[debug] [2023-09-02T06:59:18.408Z] Failed to call quitquitquit. This often means the server failed to start request to http://localhost:8941/__/quitquitquit failed, reason: connect ECONNREFUSED ::1:8941 {"message":"request to http://localhost:8941/__/quitquitquit failed, reason: connect ECONNREFUSED ::1:8941","type":"system","errno":"ECONNREFUSED","code":"ECONNREFUSED"}
[error] !!  functions: Failed to load function definition from source: FirebaseError: User code failed to load. Cannot determine backend specification {"metadata":{"emulator":{"name":"functions"},"message":"Failed to load function definition from source: FirebaseError: User code failed to load. Cannot determine backend specification"}}
[info] 
┌─────────────────────────────────────────────────────────────┐
│ ✔  All emulators ready! It is now safe to connect your app. │
│ i  View Emulator UI at http://127.0.0.1:4000/               │
└─────────────────────────────────────────────────────────────┘

┌───────────┬────────────────┬─────────────────────────────────┐
│ Emulator  │ Host:Port      │ View in Emulator UI             │
├───────────┼────────────────┼─────────────────────────────────┤
│ Functions │ 127.0.0.1:5001 │ http://127.0.0.1:4000/functions │
└───────────┴────────────────┴─────────────────────────────────┘
  Emulator Hub running at 127.0.0.1:4400
  Other reserved ports: 4500

Issues? Report them at https://github.com/firebase/firebase-tools/issues and attach the *-debug.log files.
 
[info] Serving at port 8941

